<?xml version="1.0" encoding="UTF-8"?>
<testng-results skipped="0" failed="0" ignored="0" total="1" passed="1">
  <reporter-output>
  </reporter-output>
  <suite name="Surefire suite" duration-ms="7" started-at="2020-03-23T17:32:25Z" finished-at="2020-03-23T17:32:25Z">
    <groups>
    </groups>
    <test name="Surefire test" duration-ms="7" started-at="2020-03-23T17:32:25Z" finished-at="2020-03-23T17:32:25Z">
      <class name="com.NHSBSA_Assignment.NHSBSA_Project.AppTest">
        <test-method status="PASS" signature="testApp()[pri:0, instance:testApp(com.NHSBSA_Assignment.NHSBSA_Project.AppTest)]" name="testApp" duration-ms="0" started-at="2020-03-23T17:32:25Z" finished-at="2020-03-23T17:32:25Z">
          <reporter-output>
          </reporter-output>
        </test-method> <!-- testApp -->
      </class> <!-- com.NHSBSA_Assignment.NHSBSA_Project.AppTest -->
    </test> <!-- Surefire test -->
  </suite> <!-- Surefire suite -->
</testng-results>
