<?xml version="1.0" encoding="UTF-8"?>
<testng-results skipped="0" failed="0" ignored="0" total="8" passed="8">
  <reporter-output>
  </reporter-output>
  <suite name="Default suite" duration-ms="113939" started-at="2020-03-23T17:19:30Z" finished-at="2020-03-23T17:21:24Z">
    <groups>
      <group name="cucumber">
        <method signature="AbstractTestNGCucumberTests.runScenario(io.cucumber.testng.PickleWrapper, io.cucumber.testng.FeatureWrapper)[pri:0, instance:com.NHSBA.Tests.TestNGRunner@1ce92674]" name="runScenario" class="io.cucumber.testng.AbstractTestNGCucumberTests"/>
      </group> <!-- cucumber -->
    </groups>
    <test name="Default test" duration-ms="113939" started-at="2020-03-23T17:19:30Z" finished-at="2020-03-23T17:21:24Z">
      <class name="com.NHSBA.Tests.TestNGRunner">
        <test-method status="PASS" signature="setUpClass()[pri:0, instance:com.NHSBA.Tests.TestNGRunner@1ce92674]" name="setUpClass" is-config="true" duration-ms="276" started-at="2020-03-23T17:19:30Z" finished-at="2020-03-23T17:19:30Z">
          <reporter-output>
          </reporter-output>
        </test-method> <!-- setUpClass -->
        <test-method status="PASS" signature="runScenario(io.cucumber.testng.PickleWrapper, io.cucumber.testng.FeatureWrapper)[pri:0, instance:com.NHSBA.Tests.TestNGRunner@1ce92674]" name="runScenario" duration-ms="16244" started-at="2020-03-23T17:19:30Z" description="Runs Cucumber Scenarios" data-provider="scenarios" finished-at="2020-03-23T17:19:47Z">
          <params>
            <param index="0">
              <value>
                <![CDATA["Start Functionality"]]>
              </value>
            </param>
            <param index="1">
              <value>
                <![CDATA["Test the functionality of NHS Costs Checker Tool with various postitive and negative scenarios"]]>
              </value>
            </param>
          </params>
          <reporter-output>
          </reporter-output>
        </test-method> <!-- runScenario -->
        <test-method status="PASS" signature="runScenario(io.cucumber.testng.PickleWrapper, io.cucumber.testng.FeatureWrapper)[pri:0, instance:com.NHSBA.Tests.TestNGRunner@1ce92674]" name="runScenario" duration-ms="12764" started-at="2020-03-23T17:19:47Z" description="Runs Cucumber Scenarios" data-provider="scenarios" finished-at="2020-03-23T17:19:59Z">
          <params>
            <param index="0">
              <value>
                <![CDATA["Result Under16"]]>
              </value>
            </param>
            <param index="1">
              <value>
                <![CDATA["Test the functionality of NHS Costs Checker Tool with various postitive and negative scenarios"]]>
              </value>
            </param>
          </params>
          <reporter-output>
          </reporter-output>
        </test-method> <!-- runScenario -->
        <test-method status="PASS" signature="runScenario(io.cucumber.testng.PickleWrapper, io.cucumber.testng.FeatureWrapper)[pri:0, instance:com.NHSBA.Tests.TestNGRunner@1ce92674]" name="runScenario" duration-ms="11319" started-at="2020-03-23T17:19:59Z" description="Runs Cucumber Scenarios" data-provider="scenarios" finished-at="2020-03-23T17:20:11Z">
          <params>
            <param index="0">
              <value>
                <![CDATA["Cannot Use The Service"]]>
              </value>
            </param>
            <param index="1">
              <value>
                <![CDATA["Test the functionality of NHS Costs Checker Tool with various postitive and negative scenarios"]]>
              </value>
            </param>
          </params>
          <reporter-output>
          </reporter-output>
        </test-method> <!-- runScenario -->
        <test-method status="PASS" signature="runScenario(io.cucumber.testng.PickleWrapper, io.cucumber.testng.FeatureWrapper)[pri:0, instance:com.NHSBA.Tests.TestNGRunner@1ce92674]" name="runScenario" duration-ms="11147" started-at="2020-03-23T17:20:11Z" description="Runs Cucumber Scenarios" data-provider="scenarios" finished-at="2020-03-23T17:20:22Z">
          <params>
            <param index="0">
              <value>
                <![CDATA["Country Not Selected"]]>
              </value>
            </param>
            <param index="1">
              <value>
                <![CDATA["Test the functionality of NHS Costs Checker Tool with various postitive and negative scenarios"]]>
              </value>
            </param>
          </params>
          <reporter-output>
          </reporter-output>
        </test-method> <!-- runScenario -->
        <test-method status="PASS" signature="runScenario(io.cucumber.testng.PickleWrapper, io.cucumber.testng.FeatureWrapper)[pri:0, instance:com.NHSBA.Tests.TestNGRunner@1ce92674]" name="runScenario" duration-ms="13770" started-at="2020-03-23T17:20:22Z" description="Runs Cucumber Scenarios" data-provider="scenarios" finished-at="2020-03-23T17:20:36Z">
          <params>
            <param index="0">
              <value>
                <![CDATA["Accepts Only Past Date"]]>
              </value>
            </param>
            <param index="1">
              <value>
                <![CDATA["Test the functionality of NHS Costs Checker Tool with various postitive and negative scenarios"]]>
              </value>
            </param>
          </params>
          <reporter-output>
          </reporter-output>
        </test-method> <!-- runScenario -->
        <test-method status="PASS" signature="runScenario(io.cucumber.testng.PickleWrapper, io.cucumber.testng.FeatureWrapper)[pri:0, instance:com.NHSBA.Tests.TestNGRunner@1ce92674]" name="runScenario" duration-ms="13783" started-at="2020-03-23T17:20:36Z" description="Runs Cucumber Scenarios" data-provider="scenarios" finished-at="2020-03-23T17:20:49Z">
          <params>
            <param index="0">
              <value>
                <![CDATA["Back Button Functionality"]]>
              </value>
            </param>
            <param index="1">
              <value>
                <![CDATA["Test the functionality of NHS Costs Checker Tool with various postitive and negative scenarios"]]>
              </value>
            </param>
          </params>
          <reporter-output>
          </reporter-output>
        </test-method> <!-- runScenario -->
        <test-method status="PASS" signature="runScenario(io.cucumber.testng.PickleWrapper, io.cucumber.testng.FeatureWrapper)[pri:0, instance:com.NHSBA.Tests.TestNGRunner@1ce92674]" name="runScenario" duration-ms="16926" started-at="2020-03-23T17:20:49Z" description="Runs Cucumber Scenarios" data-provider="scenarios" finished-at="2020-03-23T17:21:06Z">
          <params>
            <param index="0">
              <value>
                <![CDATA["E2E_Results Page Functionality"]]>
              </value>
            </param>
            <param index="1">
              <value>
                <![CDATA["Test the functionality of NHS Costs Checker Tool with various postitive and negative scenarios"]]>
              </value>
            </param>
          </params>
          <reporter-output>
          </reporter-output>
        </test-method> <!-- runScenario -->
        <test-method status="PASS" signature="runScenario(io.cucumber.testng.PickleWrapper, io.cucumber.testng.FeatureWrapper)[pri:0, instance:com.NHSBA.Tests.TestNGRunner@1ce92674]" name="runScenario" duration-ms="17272" started-at="2020-03-23T17:21:06Z" description="Runs Cucumber Scenarios" data-provider="scenarios" finished-at="2020-03-23T17:21:24Z">
          <params>
            <param index="0">
              <value>
                <![CDATA["E2E_Find Out More Functionality"]]>
              </value>
            </param>
            <param index="1">
              <value>
                <![CDATA["Test the functionality of NHS Costs Checker Tool with various postitive and negative scenarios"]]>
              </value>
            </param>
          </params>
          <reporter-output>
          </reporter-output>
        </test-method> <!-- runScenario -->
        <test-method status="PASS" signature="tearDownClass()[pri:0, instance:com.NHSBA.Tests.TestNGRunner@1ce92674]" name="tearDownClass" is-config="true" duration-ms="215" started-at="2020-03-23T17:21:24Z" finished-at="2020-03-23T17:21:24Z">
          <reporter-output>
          </reporter-output>
        </test-method> <!-- tearDownClass -->
      </class> <!-- com.NHSBA.Tests.TestNGRunner -->
    </test> <!-- Default test -->
  </suite> <!-- Default suite -->
</testng-results>
